{
  "stats": {
    "suites": 1,
    "tests": 4,
    "passes": 4,
    "pending": 0,
    "failures": 0,
    "start": "2025-08-14T15:00:56.859Z",
    "end": "2025-08-14T15:00:59.945Z",
    "duration": 3086,
    "testsRegistered": 4,
    "passPercent": 100,
    "pendingPercent": 0,
    "other": 0,
    "hasOther": false,
    "skipped": 0,
    "hasSkipped": false
  },
  "results": [
    {
      "uuid": "94e33a7d-f3dc-40df-a5d3-d7341a01d7c5",
      "title": "",
      "fullFile": "cypress/e2e/equipmentTests.cy.js",
      "file": "cypress/e2e/equipmentTests.cy.js",
      "beforeHooks": [],
      "afterHooks": [],
      "tests": [],
      "suites": [
        {
          "uuid": "5736e0e6-850d-4181-b8a9-1502a4ef4df6",
          "title": "Equipment Status Tracker Tests",
          "fullFile": "",
          "file": "",
          "beforeHooks": [],
          "afterHooks": [],
          "tests": [
            {
              "title": "UI_001 Equipment list page display",
              "fullTitle": "Equipment Status Tracker Tests UI_001 Equipment list page display",
              "timedOut": null,
              "duration": 641,
              "state": "passed",
              "speed": "fast",
              "pass": true,
              "fail": false,
              "pending": false,
              "context": null,
              "code": "EquipmentPage.verifyEquipmentListIsVisible();\nEquipmentPage.verifyEquipmentListContentIsVisible();",
              "err": {},
              "uuid": "579a46de-12aa-4589-adf4-97abb41ce8f1",
              "parentUUID": "5736e0e6-850d-4181-b8a9-1502a4ef4df6",
              "isHook": false,
              "skipped": false
            },
            {
              "title": "UI_002 Should add new equipment",
              "fullTitle": "Equipment Status Tracker Tests UI_002 Should add new equipment",
              "timedOut": null,
              "duration": 1553,
              "state": "passed",
              "speed": "fast",
              "pass": true,
              "fail": false,
              "pending": false,
              "context": null,
              "code": "EquipmentPage.clickAddEquipment();\nEquipmentPage.enterEquipmentName();\nEquipmentPage.selectStatus('Active');\nEquipmentPage.enterLocation();\nEquipmentPage.saveEquipment();\nEquipmentPage.verifyEquipmentVisibility();",
              "err": {},
              "uuid": "ff01d4e5-8ba0-4519-8cc6-4b41bb1a0b8c",
              "parentUUID": "5736e0e6-850d-4181-b8a9-1502a4ef4df6",
              "isHook": false,
              "skipped": false
            },
            {
              "title": "Should update equipment status",
              "fullTitle": "Equipment Status Tracker Tests Should update equipment status",
              "timedOut": null,
              "duration": 437,
              "state": "passed",
              "speed": "fast",
              "pass": true,
              "fail": false,
              "pending": false,
              "context": null,
              "code": "EquipmentPage.updateStatus('Active');",
              "err": {},
              "uuid": "a39fa610-bfa3-4ea7-b994-13944e39add8",
              "parentUUID": "5736e0e6-850d-4181-b8a9-1502a4ef4df6",
              "isHook": false,
              "skipped": false
            },
            {
              "title": "Should open history modal",
              "fullTitle": "Equipment Status Tracker Tests Should open history modal",
              "timedOut": null,
              "duration": 370,
              "state": "passed",
              "speed": "fast",
              "pass": true,
              "fail": false,
              "pending": false,
              "context": null,
              "code": "EquipmentPage.openHistoryModal();",
              "err": {},
              "uuid": "20e04ecb-9414-4cde-aa94-8d1216ad8a47",
              "parentUUID": "5736e0e6-850d-4181-b8a9-1502a4ef4df6",
              "isHook": false,
              "skipped": false
            }
          ],
          "suites": [],
          "passes": [
            "579a46de-12aa-4589-adf4-97abb41ce8f1",
            "ff01d4e5-8ba0-4519-8cc6-4b41bb1a0b8c",
            "a39fa610-bfa3-4ea7-b994-13944e39add8",
            "20e04ecb-9414-4cde-aa94-8d1216ad8a47"
          ],
          "failures": [],
          "pending": [],
          "skipped": [],
          "duration": 3001,
          "root": false,
          "rootEmpty": false,
          "_timeout": 2000
        }
      ],
      "passes": [],
      "failures": [],
      "pending": [],
      "skipped": [],
      "duration": 0,
      "root": true,
      "rootEmpty": true,
      "_timeout": 2000
    }
  ],
  "meta": {
    "mocha": {
      "version": "7.2.0"
    },
    "mochawesome": {
      "options": {
        "quiet": false,
        "reportFilename": "mochawesome",
        "saveHtml": true,
        "saveJson": true,
        "consoleReporter": "spec",
        "useInlineDiffs": false,
        "code": true
      },
      "version": "7.1.3"
    },
    "marge": {
      "options": {
        "reportDir": "cypress/reports",
        "overwrite": false,
        "html": true,
        "json": true
      },
      "version": "6.2.0"
    }
  }
}